<?xml version="1.0" encoding="UTF-8" ?>
<testsuite tests="3" failures="0" name="jvm.CliTest" time="0.011" errors="0" skipped="0">
  <properties>
    <property name="java.runtime.name" value="OpenJDK Runtime Environment"/>
    <property name="java.vm.version" value="15.0.1+9-18"/>
    <property name="sun.boot.library.path" value="D:\JavaJDKs\jdk-15.0.1\bin"/>
    <property name="maven.multiModuleProjectDirectory" value="D:\iFiles\workspaces\code\jvm"/>
    <property name="java.vm.vendor" value="Oracle Corporation"/>
    <property name="java.vendor.url" value="https://java.oracle.com/"/>
    <property name="guice.disable.misplaced.annotation.check" value="true"/>
    <property name="path.separator" value=";"/>
    <property name="java.vm.name" value="OpenJDK 64-Bit Server VM"/>
    <property name="sun.os.patch.level" value=""/>
    <property name="user.script" value=""/>
    <property name="user.country" value="US"/>
    <property name="sun.java.launcher" value="SUN_STANDARD"/>
    <property name="java.vm.specification.name" value="Java Virtual Machine Specification"/>
    <property name="user.dir" value="D:\iFiles\workspaces\code\jvm"/>
    <property name="java.vm.compressedOopsMode" value="Zero based"/>
    <property name="java.runtime.version" value="15.0.1+9-18"/>
    <property name="os.arch" value="amd64"/>
    <property name="java.io.tmpdir" value="C:\Users\xxh16\AppData\Local\Temp\"/>
    <property name="line.separator" value="
"/>
    <property name="java.vm.specification.vendor" value="Oracle Corporation"/>
    <property name="user.variant" value=""/>
    <property name="os.name" value="Windows 10"/>
    <property name="classworlds.conf" value="D:\apache-maven-3.6.3\bin\..\bin\m2.conf"/>
    <property name="sun.jnu.encoding" value="GBK"/>
    <property name="java.library.path" value="D:\JavaJDKs\jdk-15.0.1\bin;C:\WINDOWS\Sun\Java\bin;C:\WINDOWS\system32;C:\WINDOWS;D:\anaconda3\condabin;C:\Program Files\WindowsApps\Microsoft.WindowsTerminal_1.3.2651.0_x64__8wekyb3d8bbwe;C:\Program Files (x86)\VMware\VMware Player\bin\;D:\JavaJDKs\jdk-15.0.1\bin;D:\JavaJDKs\jdk-15.0.1\jre\bin;C:\Program Files (x86)\Common Files\Oracle\Java\javapath;C:\Program Files\Microsoft MPI\Bin\;C:\Program Files\Microsoft HPC Pack 2008 SDK\Bin\;C:\Windows\system32;C:\Windows;C:\Windows\System32\Wbem;C:\Windows\System32\WindowsPowerShell\v1.0\;D:\mingw64\bin;D:\apache-maven-3.6.3\bin;C:\Program Files (x86)\NVIDIA Corporation\PhysX\Common;C:\Program Files\dotnet\;C:\Program Files\NVIDIA Corporation\Nsight Compute 2019.4.0\;C:\Program Files\Microsoft SQL Server\130\Tools\Binn\;C:\WINDOWS\system32;C:\WINDOWS;C:\WINDOWS\System32\Wbem;C:\WINDOWS\System32\WindowsPowerShell\v1.0\;C:\WINDOWS\System32\OpenSSH\;%CATALINA_HOME%\bin;C:\Program Files\MySQL\MySQL Server 8.0\bin;D:\Go\bin;C:\Program Files\Git\cmd;D:\Program Files (x86)\Vim\vim82;C:\ProgramData\chocolatey\bin;D:\Program Files (x86)\nodejs\node_global;D:\Program Files (x86)\nodejs\;%BROSER_DRIVER%\chromedriver.exe;C:\Users\xxh16\AppData\Local\Microsoft\WindowsApps;D:\mingw64\bin;D:\Program Files (x86)\Microsoft VS Code\bin;D:\mingw64\x86_64-w64-mingw32\bin;C:\Users\xxh16\AppData\Local\Microsoft\WindowsApps;D:\anaconda3\Scripts;D:\Program Files (x86)\JetBrains\IntelliJ IDEA 2020.2.2\bin;D:\Program Files (x86)\JetBrains\PyCharm 2020.2.2\bin;D:\Program Files (x86)\JetBrains\GoLand 2020.2.3\bin;C:\Users\xxh16\go\bin;C:\Program Files\Bandizip\;C:\Users\xxh16\AppData\Roaming\npm;D:\Program Files (x86)\JetBrains\PyCharm 2020.3\bin;;D:\Program Files (x86)\JetBrains\GoLand 2020.3\bin;;D:\Program Files (x86)\JetBrains\WebStorm 2020.3\bin;;D:\Program Files (x86)\JetBrains\CLion 2020.3\bin;;D:\Program Files (x86)\JetBrains\IntelliJ IDEA 2020.3\bin;;;."/>
    <property name="maven.conf" value="D:\apache-maven-3.6.3\bin\../conf"/>
    <property name="jdk.debug" value="release"/>
    <property name="java.class.version" value="59.0"/>
    <property name="java.specification.name" value="Java Platform API Specification"/>
    <property name="sun.management.compiler" value="HotSpot 64-Bit Tiered Compilers"/>
    <property name="os.version" value="10.0"/>
    <property name="library.jansi.path" value="D:\apache-maven-3.6.3\bin\..\lib\jansi-native"/>
    <property name="user.home" value="C:\Users\xxh16"/>
    <property name="user.timezone" value="Asia/Shanghai"/>
    <property name="file.encoding" value="Cp1252"/>
    <property name="java.specification.version" value="15"/>
    <property name="user.name" value="xxh16"/>
    <property name="java.class.path" value="D:\apache-maven-3.6.3\bin\..\boot\plexus-classworlds-2.6.0.jar"/>
    <property name="java.vm.specification.version" value="15"/>
    <property name="sun.arch.data.model" value="64"/>
    <property name="sun.java.command" value="org.codehaus.plexus.classworlds.launcher.Launcher clean package"/>
    <property name="java.home" value="D:\JavaJDKs\jdk-15.0.1"/>
    <property name="user.language" value="en"/>
    <property name="java.specification.vendor" value="Oracle Corporation"/>
    <property name="java.vm.info" value="mixed mode, sharing"/>
    <property name="java.version" value="15.0.1"/>
    <property name="java.vendor" value="Oracle Corporation"/>
    <property name="sun.stderr.encoding" value="ms936"/>
    <property name="maven.home" value="D:\apache-maven-3.6.3\bin\.."/>
    <property name="file.separator" value="\"/>
    <property name="java.version.date" value="2020-10-20"/>
    <property name="java.vendor.url.bug" value="https://bugreport.java.com/bugreport/"/>
    <property name="sun.io.unicode.encoding" value="UnicodeLittle"/>
    <property name="sun.cpu.endian" value="little"/>
    <property name="sun.stdout.encoding" value="ms936"/>
    <property name="sun.cpu.isalist" value="amd64"/>
  </properties>
  <testcase classname="jvm.CliTest" name="classpathTest" time="0.009"/>
  <testcase classname="jvm.CliTest" name="noOptionTest" time="0.002"/>
  <testcase classname="jvm.CliTest" name="helpTest" time="0"/>
</testsuite>